<?xml version="1.0" encoding="UTF-8"?>
<testsuite xmlns:xsi="http://www.w3.org/2001/XMLSchema-instance" xsi:noNamespaceSchemaLocation="https://maven.apache.org/surefire/maven-surefire-plugin/xsd/surefire-test-report-3.0.xsd" version="3.0" name="Models.CalculatorTest" time="0.077" tests="6" errors="0" skipped="0" failures="0">
  <properties>
[...]
</properties>
  <testcase name="oppSubtraction" classname="Models.CalculatorTest" time="0.045"/>
  <testcase name="oppMultiplication" classname="Models.CalculatorTest" time="0.001"/>
  <testcase name="oppAdder" classname="Models.CalculatorTest" time="0.001"/>
  <testcase name="oppDerivation" classname="Models.CalculatorTest" time="0.001"/>
  <testcase name="oppIntegration" classname="Models.CalculatorTest" time="0"/>
  <testcase name="oppDivision" classname="Models.CalculatorTest" time="0.003"/>
</testsuite>